<?xml version="1.0" encoding="UTF-8"?>
<!-- Generated by org.testng.reporters.JUnitReportReporter -->
<testsuite hostname="DESKTOP-BUGKGO7" failures="0" tests="1" name="tc_reo.Le_03" time="22.461" errors="0" timestamp="2024-07-30T12:13:28 IST" skipped="0">
  <testcase classname="tc_reo.Le_03" name="le03Tc" time="22.461"/>
  <system-out/>
</testsuite> <!-- tc_reo.Le_03 -->
