<?xml version="1.0" encoding="UTF-8"?>
<!-- Generated by org.testng.reporters.JUnitReportReporter -->
<testsuite hostname="DESKTOP-BUGKGO7" failures="0" tests="2" name="sample_Repo.Program02" time="0.039" errors="0" timestamp="2024-07-24T22:26:20 IST" skipped="0">
  <testcase classname="sample_Repo.Program02" name="modifyUser" time="0.032"/>
  <system-out/>
  <testcase classname="sample_Repo.Program02" name="deleteUser" time="0.007"/>
  <system-out/>
</testsuite> <!-- sample_Repo.Program02 -->
