<?xml version="1.0" encoding="UTF-8"?>
<!-- Generated by org.testng.reporters.JUnitReportReporter -->
<testsuite hostname="DESKTOP-BUGKGO7" failures="0" tests="3" name="sample_Repo.Program01" time="0.015" errors="0" timestamp="2024-07-22T12:52:40 IST" skipped="0">
  <testcase classname="sample_Repo.Program01" name="createUser" time="0.010"/>
  <system-out/>
  <testcase classname="sample_Repo.Program01" name="modifyUser" time="0.003"/>
  <system-out/>
  <testcase classname="sample_Repo.Program01" name="deleteUser" time="0.002"/>
  <system-out/>
</testsuite> <!-- sample_Repo.Program01 -->
