<?xml version="1.0" encoding="UTF-8"?>
<!-- Generated by org.testng.reporters.JUnitReportReporter -->
<testsuite hostname="DESKTOP-BUGKGO7" failures="0" tests="1" name="tc_reo.Org_03" time="45.231" errors="0" timestamp="2024-07-30T11:55:05 IST" skipped="0">
  <testcase classname="tc_reo.Org_03" name="org03Tc" time="45.231"/>
  <system-out/>
</testsuite> <!-- tc_reo.Org_03 -->
