<?xml version="1.0" encoding="UTF-8"?>
<!-- Generated by org.testng.reporters.JUnitReportReporter -->
<testsuite hostname="DESKTOP-BUGKGO7" failures="0" tests="1" name="tc_reo.Org_01" time="20.907" errors="0" timestamp="2024-07-30T12:13:28 IST" skipped="0">
  <testcase classname="tc_reo.Org_01" name="org01Tc" time="20.907"/>
  <system-out/>
</testsuite> <!-- tc_reo.Org_01 -->
